<?xml version="1.0" encoding="UTF-8"?>
<!-- Generated by org.testng.reporters.JUnitReportReporter -->
<testsuite hostname="DESKTOP-1METE6J" failures="0" tests="4" name="RestAssured.ApiTechTests" time="1.268" errors="0" timestamp="2021-08-27T21:32:17 NZST" skipped="0">
  <testcase classname="RestAssured.ApiTechTests" name="validateResponse" time="0.080"/>
  <system-out/>
  <testcase classname="RestAssured.ApiTechTests" name="assertCanRelistIsTrue" time="1.022"/>
  <system-out/>
  <testcase classname="RestAssured.ApiTechTests" name="assertCarbonCreditsNameExists" time="0.042"/>
  <system-out/>
  <testcase classname="RestAssured.ApiTechTests" name="assertPromotionNameandDescriptionValues" time="0.124"/>
  <system-out/>
</testsuite> <!-- RestAssured.ApiTechTests -->
