<?xml version="1.0" encoding="UTF-8"?>
<!-- Generated by org.testng.reporters.JUnitReportReporter -->
<testsuite hostname="DESKTOP-1METE6J" failures="0" tests="4" name="apiTests.TechTests" time="1.185" errors="0" timestamp="2021-08-27T22:15:28 NZST" skipped="0">
  <testcase classname="apiTests.TechTests" name="assertPromotionNameandDescriptionValues" time="0.090"/>
  <system-out/>
  <testcase classname="apiTests.TechTests" name="validateResponse" time="0.066"/>
  <system-out/>
  <testcase classname="apiTests.TechTests" name="assertCanRelistIsTrue" time="0.981"/>
  <system-out/>
  <testcase classname="apiTests.TechTests" name="assertCarbonCreditsNameExists" time="0.048"/>
  <system-out/>
</testsuite> <!-- apiTests.TechTests -->
